<?xml version="1.0" encoding="UTF-8"?>
<!-- Generated by org.testng.reporters.JUnitReportReporter -->
<testsuite hostname="Desktop" failures="0" tests="1" name="runner.TestRunner" time="13.690" errors="0" timestamp="2022-10-20T21:04:32 IST" skipped="0">
  <testcase classname="runner.TestRunner" name="runScenario" time="13.690"/>
  <system-out/>
</testsuite> <!-- runner.TestRunner -->
