<?xml version="1.0" encoding="UTF-8"?>
<!-- Generated by org.testng.reporters.JUnitReportReporter -->
<testsuite hostname="Desktop" failures="0" tests="4" name="com.VTiger.Lead.TestCases.LeadTest" time="109.450" errors="0" timestamp="2022-10-19T12:13:02 IST" skipped="0">
  <testcase classname="com.VTiger.Lead.TestCases.LeadTest" name="createLeadTest" time="31.840"/>
  <system-out/>
  <testcase classname="com.VTiger.Lead.TestCases.LeadTest" name="verifyCreatedLeadTest" time="21.296"/>
  <system-out/>
  <testcase classname="com.VTiger.Lead.TestCases.LeadTest" name="deleteLeadTest" time="12.818"/>
  <system-out/>
  <testcase classname="com.VTiger.Lead.TestCases.LeadTest" name="verifyLeadDeletedTest" time="43.496"/>
  <system-out/>
</testsuite> <!-- com.VTiger.Lead.TestCases.LeadTest -->
