<?xml version="1.0" encoding="UTF-8"?>
<!-- Generated by org.testng.reporters.JUnitReportReporter -->
<testsuite hostname="Desktop" failures="0" tests="3" name="runner.TestRunner" time="94.344" errors="0" timestamp="2022-10-20T22:39:16 IST" skipped="0">
  <testcase classname="runner.TestRunner" name="runScenario" time="19.746"/>
  <system-out/>
  <testcase classname="runner.TestRunner" name="runScenario" time="50.303"/>
  <system-out/>
  <testcase classname="runner.TestRunner" name="runScenario" time="24.295"/>
  <system-out/>
</testsuite> <!-- runner.TestRunner -->
