<?xml version="1.0" encoding="UTF-8"?>
<!-- Generated by org.testng.reporters.JUnitReportReporter -->
<testsuite hostname="Desktop" failures="0" tests="1" name="com.VTiger.Lead.TestCases.LoginTest" time="20.840" errors="0" timestamp="2022-10-18T18:06:13 IST" skipped="0">
  <testcase classname="com.VTiger.Lead.TestCases.LoginTest" name="loginTest" time="20.840"/>
  <system-out/>
</testsuite> <!-- com.VTiger.Lead.TestCases.LoginTest -->
